Determining if the pthread_create exist failed with the following output:
Change Dir: /home/piano/ros_workspaces/106a_final_project/build/CMakeFiles/CMakeTmp

Run Build Command:"/usr/bin/make" "cmTC_290be/fast"
/usr/bin/make -f CMakeFiles/cmTC_290be.dir/build.make CMakeFiles/cmTC_290be.dir/build
make[1]: Entering directory '/home/piano/ros_workspaces/106a_final_project/build/CMakeFiles/CMakeTmp'
Building C object CMakeFiles/cmTC_290be.dir/CheckSymbolExists.c.o
/usr/bin/cc     -o CMakeFiles/cmTC_290be.dir/CheckSymbolExists.c.o   -c /home/piano/ros_workspaces/106a_final_project/build/CMakeFiles/CMakeTmp/CheckSymbolExists.c
Linking C executable cmTC_290be
/usr/bin/cmake -E cmake_link_script CMakeFiles/cmTC_290be.dir/link.txt --verbose=1
/usr/bin/cc       CMakeFiles/cmTC_290be.dir/CheckSymbolExists.c.o  -o cmTC_290be -rdynamic 
CMakeFiles/cmTC_290be.dir/CheckSymbolExists.c.o: In function `main':
CheckSymbolExists.c:(.text+0x16): undefined reference to `pthread_create'
collect2: error: ld returned 1 exit status
CMakeFiles/cmTC_290be.dir/build.make:97: recipe for target 'cmTC_290be' failed
make[1]: *** [cmTC_290be] Error 1
make[1]: Leaving directory '/home/piano/ros_workspaces/106a_final_project/build/CMakeFiles/CMakeTmp'
Makefile:126: recipe for target 'cmTC_290be/fast' failed
make: *** [cmTC_290be/fast] Error 2

File /home/piano/ros_workspaces/106a_final_project/build/CMakeFiles/CMakeTmp/CheckSymbolExists.c:
/* */
#include <pthread.h>

int main(int argc, char** argv)
{
  (void)argv;
#ifndef pthread_create
  return ((int*)(&pthread_create))[argc];
#else
  (void)argc;
  return 0;
#endif
}

Determining if the function pthread_create exists in the pthreads failed with the following output:
Change Dir: /home/piano/ros_workspaces/106a_final_project/build/CMakeFiles/CMakeTmp

Run Build Command:"/usr/bin/make" "cmTC_ab5be/fast"
/usr/bin/make -f CMakeFiles/cmTC_ab5be.dir/build.make CMakeFiles/cmTC_ab5be.dir/build
make[1]: Entering directory '/home/piano/ros_workspaces/106a_final_project/build/CMakeFiles/CMakeTmp'
Building C object CMakeFiles/cmTC_ab5be.dir/CheckFunctionExists.c.o
/usr/bin/cc    -DCHECK_FUNCTION_EXISTS=pthread_create   -o CMakeFiles/cmTC_ab5be.dir/CheckFunctionExists.c.o   -c /usr/share/cmake-3.5/Modules/CheckFunctionExists.c
Linking C executable cmTC_ab5be
/usr/bin/cmake -E cmake_link_script CMakeFiles/cmTC_ab5be.dir/link.txt --verbose=1
/usr/bin/cc   -DCHECK_FUNCTION_EXISTS=pthread_create    CMakeFiles/cmTC_ab5be.dir/CheckFunctionExists.c.o  -o cmTC_ab5be -rdynamic -lpthreads 
/usr/bin/ld: cannot find -lpthreads
collect2: error: ld returned 1 exit status
CMakeFiles/cmTC_ab5be.dir/build.make:97: recipe for target 'cmTC_ab5be' failed
make[1]: *** [cmTC_ab5be] Error 1
make[1]: Leaving directory '/home/piano/ros_workspaces/106a_final_project/build/CMakeFiles/CMakeTmp'
Makefile:126: recipe for target 'cmTC_ab5be/fast' failed
make: *** [cmTC_ab5be/fast] Error 2


Determining if the Q_WS_WIN exist failed with the following output:
Change Dir: /home/piano/ros_workspaces/106a_final_project/build/CMakeFiles/CMakeTmp

Run Build Command:"/usr/bin/make" "cmTC_301ca/fast"
/usr/bin/make -f CMakeFiles/cmTC_301ca.dir/build.make CMakeFiles/cmTC_301ca.dir/build
make[1]: Entering directory '/home/piano/ros_workspaces/106a_final_project/build/CMakeFiles/CMakeTmp'
Building CXX object CMakeFiles/cmTC_301ca.dir/CheckSymbolExists.cxx.o
/usr/bin/c++    -I/usr/include/qt4   -o CMakeFiles/cmTC_301ca.dir/CheckSymbolExists.cxx.o -c /home/piano/ros_workspaces/106a_final_project/build/CMakeFiles/CMakeTmp/CheckSymbolExists.cxx
/home/piano/ros_workspaces/106a_final_project/build/CMakeFiles/CMakeTmp/CheckSymbolExists.cxx: In function ‘int main(int, char**)’:
/home/piano/ros_workspaces/106a_final_project/build/CMakeFiles/CMakeTmp/CheckSymbolExists.cxx:8:19: error: ‘Q_WS_WIN’ was not declared in this scope
   return ((int*)(&Q_WS_WIN))[argc];
                   ^
CMakeFiles/cmTC_301ca.dir/build.make:65: recipe for target 'CMakeFiles/cmTC_301ca.dir/CheckSymbolExists.cxx.o' failed
make[1]: *** [CMakeFiles/cmTC_301ca.dir/CheckSymbolExists.cxx.o] Error 1
make[1]: Leaving directory '/home/piano/ros_workspaces/106a_final_project/build/CMakeFiles/CMakeTmp'
Makefile:126: recipe for target 'cmTC_301ca/fast' failed
make: *** [cmTC_301ca/fast] Error 2

File /home/piano/ros_workspaces/106a_final_project/build/CMakeFiles/CMakeTmp/CheckSymbolExists.cxx:
/* */
#include <QtCore/qglobal.h>

int main(int argc, char** argv)
{
  (void)argv;
#ifndef Q_WS_WIN
  return ((int*)(&Q_WS_WIN))[argc];
#else
  (void)argc;
  return 0;
#endif
}

Determining if the Q_WS_QWS exist failed with the following output:
Change Dir: /home/piano/ros_workspaces/106a_final_project/build/CMakeFiles/CMakeTmp

Run Build Command:"/usr/bin/make" "cmTC_70deb/fast"
/usr/bin/make -f CMakeFiles/cmTC_70deb.dir/build.make CMakeFiles/cmTC_70deb.dir/build
make[1]: Entering directory '/home/piano/ros_workspaces/106a_final_project/build/CMakeFiles/CMakeTmp'
Building CXX object CMakeFiles/cmTC_70deb.dir/CheckSymbolExists.cxx.o
/usr/bin/c++    -I/usr/include/qt4   -o CMakeFiles/cmTC_70deb.dir/CheckSymbolExists.cxx.o -c /home/piano/ros_workspaces/106a_final_project/build/CMakeFiles/CMakeTmp/CheckSymbolExists.cxx
/home/piano/ros_workspaces/106a_final_project/build/CMakeFiles/CMakeTmp/CheckSymbolExists.cxx: In function ‘int main(int, char**)’:
/home/piano/ros_workspaces/106a_final_project/build/CMakeFiles/CMakeTmp/CheckSymbolExists.cxx:8:19: error: ‘Q_WS_QWS’ was not declared in this scope
   return ((int*)(&Q_WS_QWS))[argc];
                   ^
CMakeFiles/cmTC_70deb.dir/build.make:65: recipe for target 'CMakeFiles/cmTC_70deb.dir/CheckSymbolExists.cxx.o' failed
make[1]: *** [CMakeFiles/cmTC_70deb.dir/CheckSymbolExists.cxx.o] Error 1
make[1]: Leaving directory '/home/piano/ros_workspaces/106a_final_project/build/CMakeFiles/CMakeTmp'
Makefile:126: recipe for target 'cmTC_70deb/fast' failed
make: *** [cmTC_70deb/fast] Error 2

File /home/piano/ros_workspaces/106a_final_project/build/CMakeFiles/CMakeTmp/CheckSymbolExists.cxx:
/* */
#include <QtCore/qglobal.h>

int main(int argc, char** argv)
{
  (void)argv;
#ifndef Q_WS_QWS
  return ((int*)(&Q_WS_QWS))[argc];
#else
  (void)argc;
  return 0;
#endif
}

Determining if the Q_WS_MAC exist failed with the following output:
Change Dir: /home/piano/ros_workspaces/106a_final_project/build/CMakeFiles/CMakeTmp

Run Build Command:"/usr/bin/make" "cmTC_a94e3/fast"
/usr/bin/make -f CMakeFiles/cmTC_a94e3.dir/build.make CMakeFiles/cmTC_a94e3.dir/build
make[1]: Entering directory '/home/piano/ros_workspaces/106a_final_project/build/CMakeFiles/CMakeTmp'
Building CXX object CMakeFiles/cmTC_a94e3.dir/CheckSymbolExists.cxx.o
/usr/bin/c++    -I/usr/include/qt4   -o CMakeFiles/cmTC_a94e3.dir/CheckSymbolExists.cxx.o -c /home/piano/ros_workspaces/106a_final_project/build/CMakeFiles/CMakeTmp/CheckSymbolExists.cxx
/home/piano/ros_workspaces/106a_final_project/build/CMakeFiles/CMakeTmp/CheckSymbolExists.cxx: In function ‘int main(int, char**)’:
/home/piano/ros_workspaces/106a_final_project/build/CMakeFiles/CMakeTmp/CheckSymbolExists.cxx:8:19: error: ‘Q_WS_MAC’ was not declared in this scope
   return ((int*)(&Q_WS_MAC))[argc];
                   ^
CMakeFiles/cmTC_a94e3.dir/build.make:65: recipe for target 'CMakeFiles/cmTC_a94e3.dir/CheckSymbolExists.cxx.o' failed
make[1]: *** [CMakeFiles/cmTC_a94e3.dir/CheckSymbolExists.cxx.o] Error 1
make[1]: Leaving directory '/home/piano/ros_workspaces/106a_final_project/build/CMakeFiles/CMakeTmp'
Makefile:126: recipe for target 'cmTC_a94e3/fast' failed
make: *** [cmTC_a94e3/fast] Error 2

File /home/piano/ros_workspaces/106a_final_project/build/CMakeFiles/CMakeTmp/CheckSymbolExists.cxx:
/* */
#include <QtCore/qglobal.h>

int main(int argc, char** argv)
{
  (void)argv;
#ifndef Q_WS_MAC
  return ((int*)(&Q_WS_MAC))[argc];
#else
  (void)argc;
  return 0;
#endif
}

